{"total": {"lines":{"total":8229,"covered":806,"skipped":0,"pct":9.79},"statements":{"total":9062,"covered":880,"skipped":0,"pct":9.71},"functions":{"total":3660,"covered":287,"skipped":0,"pct":7.84},"branches":{"total":5575,"covered":570,"skipped":0,"pct":10.22},"branchesTrue":{"total":0,"covered":0,"skipped":0,"pct":100}}
,"D:\\projects-test\\cgc-pms\\frontend-admin\\src\\App.vue": {"lines":{"total":8,"covered":0,"skipped":0,"pct":0},"functions":{"total":3,"covered":0,"skipped":0,"pct":0},"statements":{"total":8,"covered":0,"skipped":0,"pct":0},"branches":{"total":2,"covered":0,"skipped":0,"pct":0}}
,"D:\\projects-test\\cgc-pms\\frontend-admin\\src\\api\\request.ts": {"lines":{"total":60,"covered":9,"skipped":0,"pct":15},"functions":{"total":11,"covered":0,"skipped":0,"pct":0},"statements":{"total":64,"covered":9,"skipped":0,"pct":14.06},"branches":{"total":38,"covered":4,"skipped":0,"pct":10.52}}
,"D:\\projects-test\\cgc-pms\\frontend-admin\\src\\api\\modules\\alert.ts": {"lines":{"total":3,"covered":0,"skipped":0,"pct":0},"functions":{"total":3,"covered":0,"skipped":0,"pct":0},"statements":{"total":3,"covered":0,"skipped":0,"pct":0},"branches":{"total":0,"covered":0,"skipped":0,"pct":100}}
,"D:\\projects-test\\cgc-pms\\frontend-admin\\src\\api\\modules\\auth.ts": {"lines":{"total":9,"covered":1,"skipped":0,"pct":11.11},"functions":{"total":6,"covered":1,"skipped":0,"pct":16.66},"statements":{"total":9,"covered":1,"skipped":0,"pct":11.11},"branches":{"total":4,"covered":0,"skipped":0,"pct":0}}
,"D:\\projects-test\\cgc-pms\\frontend-admin\\src\\api\\modules\\contract-change.ts": {"lines":{"total":6,"covered":0,"skipped":0,"pct":0},"functions":{"total":6,"covered":0,"skipped":0,"pct":0},"statements":{"total":6,"covered":0,"skipped":0,"pct":0},"branches":{"total":0,"covered":0,"skipped":0,"pct":100}}
,"D:\\projects-test\\cgc-pms\\frontend-admin\\src\\api\\modules\\contract.ts": {"lines":{"total":16,"covered":0,"skipped":0,"pct":0},"functions":{"total":16,"covered":0,"skipped":0,"pct":0},"statements":{"total":16,"covered":0,"skipped":0,"pct":0},"branches":{"total":0,"covered":0,"skipped":0,"pct":100}}
,"D:\\projects-test\\cgc-pms\\frontend-admin\\src\\api\\modules\\contractRevenue.ts": {"lines":{"total":7,"covered":0,"skipped":0,"pct":0},"functions":{"total":7,"covered":0,"skipped":0,"pct":0},"statements":{"total":7,"covered":0,"skipped":0,"pct":0},"branches":{"total":0,"covered":0,"skipped":0,"pct":100}}
,"D:\\projects-test\\cgc-pms\\frontend-admin\\src\\api\\modules\\cost.ts": {"lines":{"total":5,"covered":0,"skipped":0,"pct":0},"functions":{"total":5,"covered":0,"skipped":0,"pct":0},"statements":{"total":5,"covered":0,"skipped":0,"pct":0},"branches":{"total":0,"covered":0,"skipped":0,"pct":100}}
,"D:\\projects-test\\cgc-pms\\frontend-admin\\src\\api\\modules\\costSubject.ts": {"lines":{"total":7,"covered":1,"skipped":0,"pct":14.28},"functions":{"total":7,"covered":1,"skipped":0,"pct":14.28},"statements":{"total":7,"covered":1,"skipped":0,"pct":14.28},"branches":{"total":4,"covered":1,"skipped":0,"pct":25}}
,"D:\\projects-test\\cgc-pms\\frontend-admin\\src\\api\\modules\\costTarget.ts": {"lines":{"total":9,"covered":0,"skipped":0,"pct":0},"functions":{"total":9,"covered":0,"skipped":0,"pct":0},"statements":{"total":9,"covered":0,"skipped":0,"pct":0},"branches":{"total":0,"covered":0,"skipped":0,"pct":100}}
,"D:\\projects-test\\cgc-pms\\frontend-admin\\src\\api\\modules\\dashboard.ts": {"lines":{"total":7,"covered":0,"skipped":0,"pct":0},"functions":{"total":7,"covered":0,"skipped":0,"pct":0},"statements":{"total":7,"covered":0,"skipped":0,"pct":0},"branches":{"total":8,"covered":0,"skipped":0,"pct":0}}
,"D:\\projects-test\\cgc-pms\\frontend-admin\\src\\api\\modules\\dict.ts": {"lines":{"total":11,"covered":0,"skipped":0,"pct":0},"functions":{"total":11,"covered":0,"skipped":0,"pct":0},"statements":{"total":11,"covered":0,"skipped":0,"pct":0},"branches":{"total":0,"covered":0,"skipped":0,"pct":100}}
,"D:\\projects-test\\cgc-pms\\frontend-admin\\src\\api\\modules\\file.ts": {"lines":{"total":6,"covered":0,"skipped":0,"pct":0},"functions":{"total":4,"covered":0,"skipped":0,"pct":0},"statements":{"total":6,"covered":0,"skipped":0,"pct":0},"branches":{"total":0,"covered":0,"skipped":0,"pct":100}}
,"D:\\projects-test\\cgc-pms\\frontend-admin\\src\\api\\modules\\inventory.ts": {"lines":{"total":18,"covered":0,"skipped":0,"pct":0},"functions":{"total":18,"covered":0,"skipped":0,"pct":0},"statements":{"total":18,"covered":0,"skipped":0,"pct":0},"branches":{"total":0,"covered":0,"skipped":0,"pct":100}}
,"D:\\projects-test\\cgc-pms\\frontend-admin\\src\\api\\modules\\invoice.ts": {"lines":{"total":11,"covered":0,"skipped":0,"pct":0},"functions":{"total":9,"covered":0,"skipped":0,"pct":0},"statements":{"total":11,"covered":0,"skipped":0,"pct":0},"branches":{"total":0,"covered":0,"skipped":0,"pct":100}}
,"D:\\projects-test\\cgc-pms\\frontend-admin\\src\\api\\modules\\material.ts": {"lines":{"total":5,"covered":0,"skipped":0,"pct":0},"functions":{"total":5,"covered":0,"skipped":0,"pct":0},"statements":{"total":5,"covered":0,"skipped":0,"pct":0},"branches":{"total":0,"covered":0,"skipped":0,"pct":100}}
,"D:\\projects-test\\cgc-pms\\frontend-admin\\src\\api\\modules\\notification.ts": {"lines":{"total":7,"covered":0,"skipped":0,"pct":0},"functions":{"total":5,"covered":0,"skipped":0,"pct":0},"statements":{"total":7,"covered":0,"skipped":0,"pct":0},"branches":{"total":2,"covered":0,"skipped":0,"pct":0}}
,"D:\\projects-test\\cgc-pms\\frontend-admin\\src\\api\\modules\\org.ts": {"lines":{"total":16,"covered":0,"skipped":0,"pct":0},"functions":{"total":16,"covered":0,"skipped":0,"pct":0},"statements":{"total":16,"covered":0,"skipped":0,"pct":0},"branches":{"total":0,"covered":0,"skipped":0,"pct":100}}
,"D:\\projects-test\\cgc-pms\\frontend-admin\\src\\api\\modules\\partner.ts": {"lines":{"total":5,"covered":0,"skipped":0,"pct":0},"functions":{"total":5,"covered":0,"skipped":0,"pct":0},"statements":{"total":5,"covered":0,"skipped":0,"pct":0},"branches":{"total":0,"covered":0,"skipped":0,"pct":100}}
,"D:\\projects-test\\cgc-pms\\frontend-admin\\src\\api\\modules\\payment.ts": {"lines":{"total":9,"covered":0,"skipped":0,"pct":0},"functions":{"total":9,"covered":0,"skipped":0,"pct":0},"statements":{"total":9,"covered":0,"skipped":0,"pct":0},"branches":{"total":0,"covered":0,"skipped":0,"pct":100}}
,"D:\\projects-test\\cgc-pms\\frontend-admin\\src\\api\\modules\\project.ts": {"lines":{"total":10,"covered":0,"skipped":0,"pct":0},"functions":{"total":10,"covered":0,"skipped":0,"pct":0},"statements":{"total":10,"covered":0,"skipped":0,"pct":0},"branches":{"total":0,"covered":0,"skipped":0,"pct":100}}
,"D:\\projects-test\\cgc-pms\\frontend-admin\\src\\api\\modules\\purchase.ts": {"lines":{"total":8,"covered":0,"skipped":0,"pct":0},"functions":{"total":8,"covered":0,"skipped":0,"pct":0},"statements":{"total":8,"covered":0,"skipped":0,"pct":0},"branches":{"total":0,"covered":0,"skipped":0,"pct":100}}
,"D:\\projects-test\\cgc-pms\\frontend-admin\\src\\api\\modules\\receipt.ts": {"lines":{"total":9,"covered":0,"skipped":0,"pct":0},"functions":{"total":9,"covered":0,"skipped":0,"pct":0},"statements":{"total":9,"covered":0,"skipped":0,"pct":0},"branches":{"total":0,"covered":0,"skipped":0,"pct":100}}
,"D:\\projects-test\\cgc-pms\\frontend-admin\\src\\api\\modules\\settlement.ts": {"lines":{"total":15,"covered":0,"skipped":0,"pct":0},"functions":{"total":15,"covered":0,"skipped":0,"pct":0},"statements":{"total":15,"covered":0,"skipped":0,"pct":0},"branches":{"total":0,"covered":0,"skipped":0,"pct":100}}
,"D:\\projects-test\\cgc-pms\\frontend-admin\\src\\api\\modules\\subcontract.ts": {"lines":{"total":13,"covered":0,"skipped":0,"pct":0},"functions":{"total":13,"covered":0,"skipped":0,"pct":0},"statements":{"total":13,"covered":0,"skipped":0,"pct":0},"branches":{"total":0,"covered":0,"skipped":0,"pct":100}}
,"D:\\projects-test\\cgc-pms\\frontend-admin\\src\\api\\modules\\system.ts": {"lines":{"total":4,"covered":0,"skipped":0,"pct":0},"functions":{"total":4,"covered":0,"skipped":0,"pct":0},"statements":{"total":4,"covered":0,"skipped":0,"pct":0},"branches":{"total":0,"covered":0,"skipped":0,"pct":100}}
,"D:\\projects-test\\cgc-pms\\frontend-admin\\src\\api\\modules\\user.ts": {"lines":{"total":6,"covered":0,"skipped":0,"pct":0},"functions":{"total":6,"covered":0,"skipped":0,"pct":0},"statements":{"total":6,"covered":0,"skipped":0,"pct":0},"branches":{"total":0,"covered":0,"skipped":0,"pct":100}}
,"D:\\projects-test\\cgc-pms\\frontend-admin\\src\\api\\modules\\variation.ts": {"lines":{"total":8,"covered":0,"skipped":0,"pct":0},"functions":{"total":8,"covered":0,"skipped":0,"pct":0},"statements":{"total":8,"covered":0,"skipped":0,"pct":0},"branches":{"total":0,"covered":0,"skipped":0,"pct":100}}
,"D:\\projects-test\\cgc-pms\\frontend-admin\\src\\api\\modules\\workflow.ts": {"lines":{"total":18,"covered":0,"skipped":0,"pct":0},"functions":{"total":18,"covered":0,"skipped":0,"pct":0},"statements":{"total":18,"covered":0,"skipped":0,"pct":0},"branches":{"total":0,"covered":0,"skipped":0,"pct":100}}
,"D:\\projects-test\\cgc-pms\\frontend-admin\\src\\components\\ApprovalStatusTag.vue": {"lines":{"total":3,"covered":0,"skipped":0,"pct":0},"functions":{"total":1,"covered":0,"skipped":0,"pct":0},"statements":{"total":4,"covered":0,"skipped":0,"pct":0},"branches":{"total":2,"covered":0,"skipped":0,"pct":0}}
,"D:\\projects-test\\cgc-pms\\frontend-admin\\src\\components\\ContractChangeList.vue": {"lines":{"total":173,"covered":0,"skipped":0,"pct":0},"functions":{"total":70,"covered":0,"skipped":0,"pct":0},"statements":{"total":182,"covered":0,"skipped":0,"pct":0},"branches":{"total":165,"covered":0,"skipped":0,"pct":0}}
,"D:\\projects-test\\cgc-pms\\frontend-admin\\src\\components\\ContractItemEditor.vue": {"lines":{"total":42,"covered":0,"skipped":0,"pct":0},"functions":{"total":26,"covered":0,"skipped":0,"pct":0},"statements":{"total":47,"covered":0,"skipped":0,"pct":0},"branches":{"total":41,"covered":0,"skipped":0,"pct":0}}
,"D:\\projects-test\\cgc-pms\\frontend-admin\\src\\components\\ContractStatusTag.vue": {"lines":{"total":3,"covered":0,"skipped":0,"pct":0},"functions":{"total":1,"covered":0,"skipped":0,"pct":0},"statements":{"total":4,"covered":0,"skipped":0,"pct":0},"branches":{"total":2,"covered":0,"skipped":0,"pct":0}}
,"D:\\projects-test\\cgc-pms\\frontend-admin\\src\\components\\NotificationBell.vue": {"lines":{"total":96,"covered":75,"skipped":0,"pct":78.12},"functions":{"total":21,"covered":16,"skipped":0,"pct":76.19},"statements":{"total":103,"covered":78,"skipped":0,"pct":75.72},"branches":{"total":37,"covered":21,"skipped":0,"pct":56.75}}
,"D:\\projects-test\\cgc-pms\\frontend-admin\\src\\components\\PaymentTermEditor.vue": {"lines":{"total":29,"covered":0,"skipped":0,"pct":0},"functions":{"total":21,"covered":0,"skipped":0,"pct":0},"statements":{"total":34,"covered":0,"skipped":0,"pct":0},"branches":{"total":29,"covered":0,"skipped":0,"pct":0}}
,"D:\\projects-test\\cgc-pms\\frontend-admin\\src\\components\\StatusTag.vue": {"lines":{"total":11,"covered":0,"skipped":0,"pct":0},"functions":{"total":3,"covered":0,"skipped":0,"pct":0},"statements":{"total":14,"covered":0,"skipped":0,"pct":0},"branches":{"total":8,"covered":0,"skipped":0,"pct":0}}
,"D:\\projects-test\\cgc-pms\\frontend-admin\\src\\components\\StepWizard.vue": {"lines":{"total":16,"covered":0,"skipped":0,"pct":0},"functions":{"total":11,"covered":0,"skipped":0,"pct":0},"statements":{"total":20,"covered":0,"skipped":0,"pct":0},"branches":{"total":15,"covered":0,"skipped":0,"pct":0}}
,"D:\\projects-test\\cgc-pms\\frontend-admin\\src\\directives\\loading.ts": {"lines":{"total":23,"covered":0,"skipped":0,"pct":0},"functions":{"total":3,"covered":0,"skipped":0,"pct":0},"statements":{"total":24,"covered":0,"skipped":0,"pct":0},"branches":{"total":12,"covered":0,"skipped":0,"pct":0}}
,"D:\\projects-test\\cgc-pms\\frontend-admin\\src\\directives\\permission.ts": {"lines":{"total":6,"covered":0,"skipped":0,"pct":0},"functions":{"total":1,"covered":0,"skipped":0,"pct":0},"statements":{"total":7,"covered":0,"skipped":0,"pct":0},"branches":{"total":4,"covered":0,"skipped":0,"pct":0}}
,"D:\\projects-test\\cgc-pms\\frontend-admin\\src\\layouts\\BasicLayoutAsync.vue": {"lines":{"total":40,"covered":36,"skipped":0,"pct":90},"functions":{"total":23,"covered":20,"skipped":0,"pct":86.95},"statements":{"total":43,"covered":39,"skipped":0,"pct":90.69},"branches":{"total":42,"covered":36,"skipped":0,"pct":85.71}}
,"D:\\projects-test\\cgc-pms\\frontend-admin\\src\\layouts\\BasicLayoutShell.vue": {"lines":{"total":5,"covered":0,"skipped":0,"pct":0},"functions":{"total":2,"covered":0,"skipped":0,"pct":0},"statements":{"total":6,"covered":0,"skipped":0,"pct":0},"branches":{"total":4,"covered":0,"skipped":0,"pct":0}}
,"D:\\projects-test\\cgc-pms\\frontend-admin\\src\\layouts\\components\\SidebarMenu.vue": {"lines":{"total":43,"covered":39,"skipped":0,"pct":90.69},"functions":{"total":22,"covered":17,"skipped":0,"pct":77.27},"statements":{"total":48,"covered":42,"skipped":0,"pct":87.5},"branches":{"total":24,"covered":20,"skipped":0,"pct":83.33}}
,"D:\\projects-test\\cgc-pms\\frontend-admin\\src\\pages\\alert\\index.vue": {"lines":{"total":105,"covered":60,"skipped":0,"pct":57.14},"functions":{"total":46,"covered":17,"skipped":0,"pct":36.95},"statements":{"total":117,"covered":67,"skipped":0,"pct":57.26},"branches":{"total":59,"covered":35,"skipped":0,"pct":59.32}}
,"D:\\projects-test\\cgc-pms\\frontend-admin\\src\\pages\\approval\\detail.vue": {"lines":{"total":192,"covered":0,"skipped":0,"pct":0},"functions":{"total":78,"covered":0,"skipped":0,"pct":0},"statements":{"total":213,"covered":0,"skipped":0,"pct":0},"branches":{"total":124,"covered":0,"skipped":0,"pct":0}}
,"D:\\projects-test\\cgc-pms\\frontend-admin\\src\\pages\\approval\\process.vue": {"lines":{"total":227,"covered":16,"skipped":0,"pct":7.04},"functions":{"total":95,"covered":0,"skipped":0,"pct":0},"statements":{"total":260,"covered":16,"skipped":0,"pct":6.15},"branches":{"total":224,"covered":0,"skipped":0,"pct":0}}
,"D:\\projects-test\\cgc-pms\\frontend-admin\\src\\pages\\approval\\todo.vue": {"lines":{"total":88,"covered":0,"skipped":0,"pct":0},"functions":{"total":35,"covered":0,"skipped":0,"pct":0},"statements":{"total":102,"covered":0,"skipped":0,"pct":0},"branches":{"total":61,"covered":0,"skipped":0,"pct":0}}
,"D:\\projects-test\\cgc-pms\\frontend-admin\\src\\pages\\contract\\ContractDetailPage.vue": {"lines":{"total":172,"covered":0,"skipped":0,"pct":0},"functions":{"total":67,"covered":0,"skipped":0,"pct":0},"statements":{"total":187,"covered":0,"skipped":0,"pct":0},"branches":{"total":146,"covered":0,"skipped":0,"pct":0}}
,"D:\\projects-test\\cgc-pms\\frontend-admin\\src\\pages\\contract\\ContractFormPage.vue": {"lines":{"total":254,"covered":0,"skipped":0,"pct":0},"functions":{"total":132,"covered":0,"skipped":0,"pct":0},"statements":{"total":284,"covered":0,"skipped":0,"pct":0},"branches":{"total":254,"covered":0,"skipped":0,"pct":0}}
,"D:\\projects-test\\cgc-pms\\frontend-admin\\src\\pages\\contract\\ContractLedgerPage.vue": {"lines":{"total":51,"covered":0,"skipped":0,"pct":0},"functions":{"total":40,"covered":0,"skipped":0,"pct":0},"statements":{"total":58,"covered":0,"skipped":0,"pct":0},"branches":{"total":27,"covered":0,"skipped":0,"pct":0}}
,"D:\\projects-test\\cgc-pms\\frontend-admin\\src\\pages\\contract\\components\\ContractAnalysisPanel.vue": {"lines":{"total":24,"covered":0,"skipped":0,"pct":0},"functions":{"total":5,"covered":0,"skipped":0,"pct":0},"statements":{"total":26,"covered":0,"skipped":0,"pct":0},"branches":{"total":12,"covered":0,"skipped":0,"pct":0}}
,"D:\\projects-test\\cgc-pms\\frontend-admin\\src\\pages\\contract\\components\\ContractKpiStrip.vue": {"lines":{"total":21,"covered":0,"skipped":0,"pct":0},"functions":{"total":2,"covered":0,"skipped":0,"pct":0},"statements":{"total":22,"covered":0,"skipped":0,"pct":0},"branches":{"total":28,"covered":0,"skipped":0,"pct":0}}
,"D:\\projects-test\\cgc-pms\\frontend-admin\\src\\pages\\contract\\components\\ContractMobileCardList.vue": {"lines":{"total":19,"covered":0,"skipped":0,"pct":0},"functions":{"total":10,"covered":0,"skipped":0,"pct":0},"statements":{"total":24,"covered":0,"skipped":0,"pct":0},"branches":{"total":34,"covered":0,"skipped":0,"pct":0}}
,"D:\\projects-test\\cgc-pms\\frontend-admin\\src\\pages\\contract\\composables\\useContractLedger.ts": {"lines":{"total":123,"covered":0,"skipped":0,"pct":0},"functions":{"total":38,"covered":0,"skipped":0,"pct":0},"statements":{"total":136,"covered":0,"skipped":0,"pct":0},"branches":{"total":50,"covered":0,"skipped":0,"pct":0}}
,"D:\\projects-test\\cgc-pms\\frontend-admin\\src\\pages\\cost\\ledger.vue": {"lines":{"total":187,"covered":0,"skipped":0,"pct":0},"functions":{"total":73,"covered":0,"skipped":0,"pct":0},"statements":{"total":202,"covered":0,"skipped":0,"pct":0},"branches":{"total":129,"covered":0,"skipped":0,"pct":0}}
,"D:\\projects-test\\cgc-pms\\frontend-admin\\src\\pages\\cost\\summary.vue": {"lines":{"total":156,"covered":0,"skipped":0,"pct":0},"functions":{"total":55,"covered":0,"skipped":0,"pct":0},"statements":{"total":183,"covered":0,"skipped":0,"pct":0},"branches":{"total":118,"covered":0,"skipped":0,"pct":0}}
,"D:\\projects-test\\cgc-pms\\frontend-admin\\src\\pages\\cost-subject\\index.vue": {"lines":{"total":169,"covered":0,"skipped":0,"pct":0},"functions":{"total":63,"covered":0,"skipped":0,"pct":0},"statements":{"total":182,"covered":0,"skipped":0,"pct":0},"branches":{"total":92,"covered":0,"skipped":0,"pct":0}}
,"D:\\projects-test\\cgc-pms\\frontend-admin\\src\\pages\\cost-target\\edit.vue": {"lines":{"total":196,"covered":0,"skipped":0,"pct":0},"functions":{"total":75,"covered":0,"skipped":0,"pct":0},"statements":{"total":218,"covered":0,"skipped":0,"pct":0},"branches":{"total":147,"covered":0,"skipped":0,"pct":0}}
,"D:\\projects-test\\cgc-pms\\frontend-admin\\src\\pages\\cost-target\\index.vue": {"lines":{"total":107,"covered":0,"skipped":0,"pct":0},"functions":{"total":46,"covered":0,"skipped":0,"pct":0},"statements":{"total":112,"covered":0,"skipped":0,"pct":0},"branches":{"total":52,"covered":0,"skipped":0,"pct":0}}
,"D:\\projects-test\\cgc-pms\\frontend-admin\\src\\pages\\dashboard\\index.vue": {"lines":{"total":13,"covered":0,"skipped":0,"pct":0},"functions":{"total":12,"covered":0,"skipped":0,"pct":0},"statements":{"total":17,"covered":0,"skipped":0,"pct":0},"branches":{"total":55,"covered":0,"skipped":0,"pct":0}}
,"D:\\projects-test\\cgc-pms\\frontend-admin\\src\\pages\\dashboard\\components\\DashboardBmView.vue": {"lines":{"total":27,"covered":0,"skipped":0,"pct":0},"functions":{"total":3,"covered":0,"skipped":0,"pct":0},"statements":{"total":31,"covered":0,"skipped":0,"pct":0},"branches":{"total":30,"covered":0,"skipped":0,"pct":0}}
,"D:\\projects-test\\cgc-pms\\frontend-admin\\src\\pages\\dashboard\\components\\DashboardCostView.vue": {"lines":{"total":30,"covered":0,"skipped":0,"pct":0},"functions":{"total":6,"covered":0,"skipped":0,"pct":0},"statements":{"total":36,"covered":0,"skipped":0,"pct":0},"branches":{"total":34,"covered":0,"skipped":0,"pct":0}}
,"D:\\projects-test\\cgc-pms\\frontend-admin\\src\\pages\\dashboard\\components\\DashboardFinanceView.vue": {"lines":{"total":27,"covered":0,"skipped":0,"pct":0},"functions":{"total":3,"covered":0,"skipped":0,"pct":0},"statements":{"total":31,"covered":0,"skipped":0,"pct":0},"branches":{"total":32,"covered":0,"skipped":0,"pct":0}}
,"D:\\projects-test\\cgc-pms\\frontend-admin\\src\\pages\\dashboard\\components\\DashboardMgmtView.vue": {"lines":{"total":26,"covered":0,"skipped":0,"pct":0},"functions":{"total":3,"covered":0,"skipped":0,"pct":0},"statements":{"total":30,"covered":0,"skipped":0,"pct":0},"branches":{"total":28,"covered":0,"skipped":0,"pct":0}}
,"D:\\projects-test\\cgc-pms\\frontend-admin\\src\\pages\\dashboard\\components\\DashboardPmView.vue": {"lines":{"total":25,"covered":0,"skipped":0,"pct":0},"functions":{"total":3,"covered":0,"skipped":0,"pct":0},"statements":{"total":28,"covered":0,"skipped":0,"pct":0},"branches":{"total":36,"covered":0,"skipped":0,"pct":0}}
,"D:\\projects-test\\cgc-pms\\frontend-admin\\src\\pages\\dashboard\\composables\\useDashboardData.ts": {"lines":{"total":67,"covered":0,"skipped":0,"pct":0},"functions":{"total":11,"covered":0,"skipped":0,"pct":0},"statements":{"total":76,"covered":0,"skipped":0,"pct":0},"branches":{"total":33,"covered":0,"skipped":0,"pct":0}}
,"D:\\projects-test\\cgc-pms\\frontend-admin\\src\\pages\\dashboard\\utils\\chartOptions.ts": {"lines":{"total":24,"covered":0,"skipped":0,"pct":0},"functions":{"total":24,"covered":0,"skipped":0,"pct":0},"statements":{"total":26,"covered":0,"skipped":0,"pct":0},"branches":{"total":36,"covered":0,"skipped":0,"pct":0}}
,"D:\\projects-test\\cgc-pms\\frontend-admin\\src\\pages\\dashboard\\utils\\formatUtils.ts": {"lines":{"total":20,"covered":0,"skipped":0,"pct":0},"functions":{"total":6,"covered":0,"skipped":0,"pct":0},"statements":{"total":29,"covered":0,"skipped":0,"pct":0},"branches":{"total":24,"covered":0,"skipped":0,"pct":0}}
,"D:\\projects-test\\cgc-pms\\frontend-admin\\src\\pages\\dashboard\\utils\\tableColumns.ts": {"lines":{"total":9,"covered":0,"skipped":0,"pct":0},"functions":{"total":0,"covered":0,"skipped":0,"pct":100},"statements":{"total":9,"covered":0,"skipped":0,"pct":0},"branches":{"total":0,"covered":0,"skipped":0,"pct":100}}
,"D:\\projects-test\\cgc-pms\\frontend-admin\\src\\pages\\error\\404.vue": {"lines":{"total":3,"covered":0,"skipped":0,"pct":0},"functions":{"total":3,"covered":0,"skipped":0,"pct":0},"statements":{"total":5,"covered":0,"skipped":0,"pct":0},"branches":{"total":4,"covered":0,"skipped":0,"pct":0}}
,"D:\\projects-test\\cgc-pms\\frontend-admin\\src\\pages\\help\\index.vue": {"lines":{"total":16,"covered":16,"skipped":0,"pct":100},"functions":{"total":15,"covered":15,"skipped":0,"pct":100},"statements":{"total":20,"covered":20,"skipped":0,"pct":100},"branches":{"total":14,"covered":14,"skipped":0,"pct":100}}
,"D:\\projects-test\\cgc-pms\\frontend-admin\\src\\pages\\inventory\\purchase-request.vue": {"lines":{"total":244,"covered":0,"skipped":0,"pct":0},"functions":{"total":97,"covered":0,"skipped":0,"pct":0},"statements":{"total":266,"covered":0,"skipped":0,"pct":0},"branches":{"total":128,"covered":0,"skipped":0,"pct":0}}
,"D:\\projects-test\\cgc-pms\\frontend-admin\\src\\pages\\inventory\\stock.vue": {"lines":{"total":57,"covered":0,"skipped":0,"pct":0},"functions":{"total":32,"covered":0,"skipped":0,"pct":0},"statements":{"total":66,"covered":0,"skipped":0,"pct":0},"branches":{"total":69,"covered":0,"skipped":0,"pct":0}}
,"D:\\projects-test\\cgc-pms\\frontend-admin\\src\\pages\\inventory\\transaction.vue": {"lines":{"total":95,"covered":0,"skipped":0,"pct":0},"functions":{"total":48,"covered":0,"skipped":0,"pct":0},"statements":{"total":103,"covered":0,"skipped":0,"pct":0},"branches":{"total":52,"covered":0,"skipped":0,"pct":0}}
,"D:\\projects-test\\cgc-pms\\frontend-admin\\src\\pages\\inventory\\warehouse.vue": {"lines":{"total":124,"covered":0,"skipped":0,"pct":0},"functions":{"total":58,"covered":0,"skipped":0,"pct":0},"statements":{"total":136,"covered":0,"skipped":0,"pct":0},"branches":{"total":62,"covered":0,"skipped":0,"pct":0}}
,"D:\\projects-test\\cgc-pms\\frontend-admin\\src\\pages\\inventory\\components\\StockAnalysisPanel.vue": {"lines":{"total":14,"covered":0,"skipped":0,"pct":0},"functions":{"total":1,"covered":0,"skipped":0,"pct":0},"statements":{"total":15,"covered":0,"skipped":0,"pct":0},"branches":{"total":22,"covered":0,"skipped":0,"pct":0}}
,"D:\\projects-test\\cgc-pms\\frontend-admin\\src\\pages\\inventory\\components\\StockKpiStrip.vue": {"lines":{"total":16,"covered":0,"skipped":0,"pct":0},"functions":{"total":1,"covered":0,"skipped":0,"pct":0},"statements":{"total":16,"covered":0,"skipped":0,"pct":0},"branches":{"total":30,"covered":0,"skipped":0,"pct":0}}
,"D:\\projects-test\\cgc-pms\\frontend-admin\\src\\pages\\inventory\\components\\StockSearchBar.vue": {"lines":{"total":17,"covered":0,"skipped":0,"pct":0},"functions":{"total":18,"covered":0,"skipped":0,"pct":0},"statements":{"total":22,"covered":0,"skipped":0,"pct":0},"branches":{"total":16,"covered":0,"skipped":0,"pct":0}}
,"D:\\projects-test\\cgc-pms\\frontend-admin\\src\\pages\\inventory\\components\\StockTxnDetailDrawer.vue": {"lines":{"total":15,"covered":0,"skipped":0,"pct":0},"functions":{"total":14,"covered":0,"skipped":0,"pct":0},"statements":{"total":18,"covered":0,"skipped":0,"pct":0},"branches":{"total":17,"covered":0,"skipped":0,"pct":0}}
,"D:\\projects-test\\cgc-pms\\frontend-admin\\src\\pages\\inventory\\components\\StockTxnTable.vue": {"lines":{"total":12,"covered":0,"skipped":0,"pct":0},"functions":{"total":10,"covered":0,"skipped":0,"pct":0},"statements":{"total":13,"covered":0,"skipped":0,"pct":0},"branches":{"total":16,"covered":0,"skipped":0,"pct":0}}
,"D:\\projects-test\\cgc-pms\\frontend-admin\\src\\pages\\inventory\\composables\\useStockLedger.ts": {"lines":{"total":115,"covered":0,"skipped":0,"pct":0},"functions":{"total":27,"covered":0,"skipped":0,"pct":0},"statements":{"total":128,"covered":0,"skipped":0,"pct":0},"branches":{"total":67,"covered":0,"skipped":0,"pct":0}}
,"D:\\projects-test\\cgc-pms\\frontend-admin\\src\\pages\\invoice\\index.vue": {"lines":{"total":71,"covered":38,"skipped":0,"pct":53.52},"functions":{"total":46,"covered":13,"skipped":0,"pct":28.26},"statements":{"total":77,"covered":42,"skipped":0,"pct":54.54},"branches":{"total":46,"covered":17,"skipped":0,"pct":36.95}}
,"D:\\projects-test\\cgc-pms\\frontend-admin\\src\\pages\\invoice\\components\\InvoiceFormModal.vue": {"lines":{"total":145,"covered":37,"skipped":0,"pct":25.51},"functions":{"total":49,"covered":5,"skipped":0,"pct":10.2},"statements":{"total":155,"covered":38,"skipped":0,"pct":24.51},"branches":{"total":108,"covered":13,"skipped":0,"pct":12.03}}
,"D:\\projects-test\\cgc-pms\\frontend-admin\\src\\pages\\invoice\\components\\InvoiceKpiStrip.vue": {"lines":{"total":26,"covered":22,"skipped":0,"pct":84.61},"functions":{"total":12,"covered":6,"skipped":0,"pct":50},"statements":{"total":32,"covered":25,"skipped":0,"pct":78.12},"branches":{"total":26,"covered":19,"skipped":0,"pct":73.07}}
,"D:\\projects-test\\cgc-pms\\frontend-admin\\src\\pages\\invoice\\components\\InvoiceVerifyPanel.vue": {"lines":{"total":24,"covered":17,"skipped":0,"pct":70.83},"functions":{"total":8,"covered":2,"skipped":0,"pct":25},"statements":{"total":32,"covered":19,"skipped":0,"pct":59.37},"branches":{"total":22,"covered":7,"skipped":0,"pct":31.81}}
,"D:\\projects-test\\cgc-pms\\frontend-admin\\src\\pages\\invoice\\composables\\useInvoiceList.ts": {"lines":{"total":85,"covered":27,"skipped":0,"pct":31.76},"functions":{"total":31,"covered":5,"skipped":0,"pct":16.12},"statements":{"total":94,"covered":28,"skipped":0,"pct":29.78},"branches":{"total":20,"covered":2,"skipped":0,"pct":10}}
,"D:\\projects-test\\cgc-pms\\frontend-admin\\src\\pages\\login\\index.vue": {"lines":{"total":31,"covered":13,"skipped":0,"pct":41.93},"functions":{"total":14,"covered":6,"skipped":0,"pct":42.85},"statements":{"total":34,"covered":15,"skipped":0,"pct":44.11},"branches":{"total":22,"covered":12,"skipped":0,"pct":54.54}}
,"D:\\projects-test\\cgc-pms\\frontend-admin\\src\\pages\\material\\dictionary.vue": {"lines":{"total":111,"covered":0,"skipped":0,"pct":0},"functions":{"total":53,"covered":0,"skipped":0,"pct":0},"statements":{"total":121,"covered":0,"skipped":0,"pct":0},"branches":{"total":62,"covered":0,"skipped":0,"pct":0}}
,"D:\\projects-test\\cgc-pms\\frontend-admin\\src\\pages\\org\\index.vue": {"lines":{"total":59,"covered":28,"skipped":0,"pct":47.45},"functions":{"total":44,"covered":11,"skipped":0,"pct":25},"statements":{"total":68,"covered":34,"skipped":0,"pct":50},"branches":{"total":66,"covered":65,"skipped":0,"pct":98.48}}
,"D:\\projects-test\\cgc-pms\\frontend-admin\\src\\pages\\org\\utils.ts": {"lines":{"total":21,"covered":5,"skipped":0,"pct":23.8},"functions":{"total":7,"covered":3,"skipped":0,"pct":42.85},"statements":{"total":25,"covered":5,"skipped":0,"pct":20},"branches":{"total":29,"covered":2,"skipped":0,"pct":6.89}}
,"D:\\projects-test\\cgc-pms\\frontend-admin\\src\\pages\\org\\components\\CompanyModal.vue": {"lines":{"total":12,"covered":9,"skipped":0,"pct":75},"functions":{"total":15,"covered":9,"skipped":0,"pct":60},"statements":{"total":16,"covered":10,"skipped":0,"pct":62.5},"branches":{"total":16,"covered":16,"skipped":0,"pct":100}}
,"D:\\projects-test\\cgc-pms\\frontend-admin\\src\\pages\\org\\components\\CompanyPanel.vue": {"lines":{"total":27,"covered":10,"skipped":0,"pct":37.03},"functions":{"total":25,"covered":6,"skipped":0,"pct":24},"statements":{"total":31,"covered":12,"skipped":0,"pct":38.7},"branches":{"total":45,"covered":35,"skipped":0,"pct":77.77}}
,"D:\\projects-test\\cgc-pms\\frontend-admin\\src\\pages\\org\\components\\DepartmentModal.vue": {"lines":{"total":17,"covered":12,"skipped":0,"pct":70.58},"functions":{"total":22,"covered":12,"skipped":0,"pct":54.54},"statements":{"total":23,"covered":13,"skipped":0,"pct":56.52},"branches":{"total":20,"covered":20,"skipped":0,"pct":100}}
,"D:\\projects-test\\cgc-pms\\frontend-admin\\src\\pages\\org\\components\\DepartmentPanel.vue": {"lines":{"total":18,"covered":11,"skipped":0,"pct":61.11},"functions":{"total":12,"covered":4,"skipped":0,"pct":33.33},"statements":{"total":20,"covered":12,"skipped":0,"pct":60},"branches":{"total":34,"covered":29,"skipped":0,"pct":85.29}}
,"D:\\projects-test\\cgc-pms\\frontend-admin\\src\\pages\\org\\components\\OrgMetricStrip.vue": {"lines":{"total":9,"covered":9,"skipped":0,"pct":100},"functions":{"total":0,"covered":0,"skipped":0,"pct":100},"statements":{"total":10,"covered":10,"skipped":0,"pct":100},"branches":{"total":8,"covered":8,"skipped":0,"pct":100}}
,"D:\\projects-test\\cgc-pms\\frontend-admin\\src\\pages\\org\\components\\PositionModal.vue": {"lines":{"total":23,"covered":15,"skipped":0,"pct":65.21},"functions":{"total":26,"covered":13,"skipped":0,"pct":50},"statements":{"total":29,"covered":16,"skipped":0,"pct":55.17},"branches":{"total":20,"covered":20,"skipped":0,"pct":100}}
,"D:\\projects-test\\cgc-pms\\frontend-admin\\src\\pages\\org\\components\\PositionPanel.vue": {"lines":{"total":38,"covered":12,"skipped":0,"pct":31.57},"functions":{"total":38,"covered":8,"skipped":0,"pct":21.05},"statements":{"total":48,"covered":14,"skipped":0,"pct":29.16},"branches":{"total":55,"covered":37,"skipped":0,"pct":67.27}}
,"D:\\projects-test\\cgc-pms\\frontend-admin\\src\\pages\\org\\composables\\useCompany.ts": {"lines":{"total":70,"covered":18,"skipped":0,"pct":25.71},"functions":{"total":13,"covered":3,"skipped":0,"pct":23.07},"statements":{"total":72,"covered":19,"skipped":0,"pct":26.38},"branches":{"total":12,"covered":4,"skipped":0,"pct":33.33}}
,"D:\\projects-test\\cgc-pms\\frontend-admin\\src\\pages\\org\\composables\\useDepartment.ts": {"lines":{"total":73,"covered":17,"skipped":0,"pct":23.28},"functions":{"total":9,"covered":3,"skipped":0,"pct":33.33},"statements":{"total":73,"covered":17,"skipped":0,"pct":23.28},"branches":{"total":18,"covered":0,"skipped":0,"pct":0}}
,"D:\\projects-test\\cgc-pms\\frontend-admin\\src\\pages\\org\\composables\\usePosition.ts": {"lines":{"total":87,"covered":23,"skipped":0,"pct":26.43},"functions":{"total":17,"covered":6,"skipped":0,"pct":35.29},"statements":{"total":93,"covered":27,"skipped":0,"pct":29.03},"branches":{"total":30,"covered":10,"skipped":0,"pct":33.33}}
,"D:\\projects-test\\cgc-pms\\frontend-admin\\src\\pages\\partner\\index.vue": {"lines":{"total":147,"covered":0,"skipped":0,"pct":0},"functions":{"total":78,"covered":0,"skipped":0,"pct":0},"statements":{"total":163,"covered":0,"skipped":0,"pct":0},"branches":{"total":110,"covered":0,"skipped":0,"pct":0}}
,"D:\\projects-test\\cgc-pms\\frontend-admin\\src\\pages\\payment\\index.vue": {"lines":{"total":259,"covered":0,"skipped":0,"pct":0},"functions":{"total":145,"covered":0,"skipped":0,"pct":0},"statements":{"total":288,"covered":0,"skipped":0,"pct":0},"branches":{"total":155,"covered":0,"skipped":0,"pct":0}}
,"D:\\projects-test\\cgc-pms\\frontend-admin\\src\\pages\\profile\\index.vue": {"lines":{"total":62,"covered":45,"skipped":0,"pct":72.58},"functions":{"total":29,"covered":26,"skipped":0,"pct":89.65},"statements":{"total":67,"covered":48,"skipped":0,"pct":71.64},"branches":{"total":41,"covered":29,"skipped":0,"pct":70.73}}
,"D:\\projects-test\\cgc-pms\\frontend-admin\\src\\pages\\project\\edit.vue": {"lines":{"total":63,"covered":0,"skipped":0,"pct":0},"functions":{"total":31,"covered":0,"skipped":0,"pct":0},"statements":{"total":71,"covered":0,"skipped":0,"pct":0},"branches":{"total":66,"covered":0,"skipped":0,"pct":0}}
,"D:\\projects-test\\cgc-pms\\frontend-admin\\src\\pages\\project\\index.vue": {"lines":{"total":232,"covered":0,"skipped":0,"pct":0},"functions":{"total":116,"covered":0,"skipped":0,"pct":0},"statements":{"total":255,"covered":0,"skipped":0,"pct":0},"branches":{"total":181,"covered":0,"skipped":0,"pct":0}}
,"D:\\projects-test\\cgc-pms\\frontend-admin\\src\\pages\\project\\members.vue": {"lines":{"total":108,"covered":0,"skipped":0,"pct":0},"functions":{"total":45,"covered":0,"skipped":0,"pct":0},"statements":{"total":114,"covered":0,"skipped":0,"pct":0},"branches":{"total":83,"covered":0,"skipped":0,"pct":0}}
,"D:\\projects-test\\cgc-pms\\frontend-admin\\src\\pages\\project\\overview.vue": {"lines":{"total":77,"covered":0,"skipped":0,"pct":0},"functions":{"total":14,"covered":0,"skipped":0,"pct":0},"statements":{"total":83,"covered":0,"skipped":0,"pct":0},"branches":{"total":96,"covered":0,"skipped":0,"pct":0}}
,"D:\\projects-test\\cgc-pms\\frontend-admin\\src\\pages\\purchase\\order.vue": {"lines":{"total":253,"covered":0,"skipped":0,"pct":0},"functions":{"total":125,"covered":0,"skipped":0,"pct":0},"statements":{"total":279,"covered":0,"skipped":0,"pct":0},"branches":{"total":146,"covered":0,"skipped":0,"pct":0}}
,"D:\\projects-test\\cgc-pms\\frontend-admin\\src\\pages\\receipt\\index.vue": {"lines":{"total":55,"covered":0,"skipped":0,"pct":0},"functions":{"total":42,"covered":0,"skipped":0,"pct":0},"statements":{"total":66,"covered":0,"skipped":0,"pct":0},"branches":{"total":49,"covered":0,"skipped":0,"pct":0}}
,"D:\\projects-test\\cgc-pms\\frontend-admin\\src\\pages\\receipt\\components\\ReceiptFormModal.vue": {"lines":{"total":54,"covered":0,"skipped":0,"pct":0},"functions":{"total":57,"covered":0,"skipped":0,"pct":0},"statements":{"total":62,"covered":0,"skipped":0,"pct":0},"branches":{"total":54,"covered":0,"skipped":0,"pct":0}}
,"D:\\projects-test\\cgc-pms\\frontend-admin\\src\\pages\\receipt\\components\\ReceiptKpiStrip.vue": {"lines":{"total":17,"covered":0,"skipped":0,"pct":0},"functions":{"total":2,"covered":0,"skipped":0,"pct":0},"statements":{"total":20,"covered":0,"skipped":0,"pct":0},"branches":{"total":29,"covered":0,"skipped":0,"pct":0}}
,"D:\\projects-test\\cgc-pms\\frontend-admin\\src\\pages\\receipt\\composables\\useReceiptForm.ts": {"lines":{"total":87,"covered":0,"skipped":0,"pct":0},"functions":{"total":16,"covered":0,"skipped":0,"pct":0},"statements":{"total":92,"covered":0,"skipped":0,"pct":0},"branches":{"total":32,"covered":0,"skipped":0,"pct":0}}
,"D:\\projects-test\\cgc-pms\\frontend-admin\\src\\pages\\receipt\\composables\\useReceiptList.ts": {"lines":{"total":74,"covered":0,"skipped":0,"pct":0},"functions":{"total":22,"covered":0,"skipped":0,"pct":0},"statements":{"total":80,"covered":0,"skipped":0,"pct":0},"branches":{"total":6,"covered":0,"skipped":0,"pct":0}}
,"D:\\projects-test\\cgc-pms\\frontend-admin\\src\\pages\\settings\\index.vue": {"lines":{"total":36,"covered":35,"skipped":0,"pct":97.22},"functions":{"total":22,"covered":21,"skipped":0,"pct":95.45},"statements":{"total":41,"covered":40,"skipped":0,"pct":97.56},"branches":{"total":22,"covered":22,"skipped":0,"pct":100}}
,"D:\\projects-test\\cgc-pms\\frontend-admin\\src\\pages\\settlement\\detail.vue": {"lines":{"total":111,"covered":0,"skipped":0,"pct":0},"functions":{"total":58,"covered":0,"skipped":0,"pct":0},"statements":{"total":129,"covered":0,"skipped":0,"pct":0},"branches":{"total":172,"covered":0,"skipped":0,"pct":0}}
,"D:\\projects-test\\cgc-pms\\frontend-admin\\src\\pages\\settlement\\index.vue": {"lines":{"total":180,"covered":0,"skipped":0,"pct":0},"functions":{"total":69,"covered":0,"skipped":0,"pct":0},"statements":{"total":195,"covered":0,"skipped":0,"pct":0},"branches":{"total":115,"covered":0,"skipped":0,"pct":0}}
,"D:\\projects-test\\cgc-pms\\frontend-admin\\src\\pages\\subcontract\\measure.vue": {"lines":{"total":244,"covered":0,"skipped":0,"pct":0},"functions":{"total":110,"covered":0,"skipped":0,"pct":0},"statements":{"total":265,"covered":0,"skipped":0,"pct":0},"branches":{"total":136,"covered":0,"skipped":0,"pct":0}}
,"D:\\projects-test\\cgc-pms\\frontend-admin\\src\\pages\\subcontract\\task.vue": {"lines":{"total":166,"covered":0,"skipped":0,"pct":0},"functions":{"total":91,"covered":0,"skipped":0,"pct":0},"statements":{"total":188,"covered":0,"skipped":0,"pct":0},"branches":{"total":93,"covered":0,"skipped":0,"pct":0}}
,"D:\\projects-test\\cgc-pms\\frontend-admin\\src\\pages\\system\\data\\index.vue": {"lines":{"total":14,"covered":0,"skipped":0,"pct":0},"functions":{"total":7,"covered":0,"skipped":0,"pct":0},"statements":{"total":17,"covered":0,"skipped":0,"pct":0},"branches":{"total":10,"covered":0,"skipped":0,"pct":0}}
,"D:\\projects-test\\cgc-pms\\frontend-admin\\src\\pages\\system\\dict\\index.vue": {"lines":{"total":227,"covered":0,"skipped":0,"pct":0},"functions":{"total":80,"covered":0,"skipped":0,"pct":0},"statements":{"total":242,"covered":0,"skipped":0,"pct":0},"branches":{"total":124,"covered":0,"skipped":0,"pct":0}}
,"D:\\projects-test\\cgc-pms\\frontend-admin\\src\\pages\\system\\roles\\PermissionModal.vue": {"lines":{"total":40,"covered":34,"skipped":0,"pct":85},"functions":{"total":11,"covered":9,"skipped":0,"pct":81.81},"statements":{"total":43,"covered":36,"skipped":0,"pct":83.72},"branches":{"total":32,"covered":16,"skipped":0,"pct":50}}
,"D:\\projects-test\\cgc-pms\\frontend-admin\\src\\pages\\system\\roles\\index.vue": {"lines":{"total":58,"covered":38,"skipped":0,"pct":65.51},"functions":{"total":26,"covered":10,"skipped":0,"pct":38.46},"statements":{"total":64,"covered":42,"skipped":0,"pct":65.62},"branches":{"total":34,"covered":21,"skipped":0,"pct":61.76}}
,"D:\\projects-test\\cgc-pms\\frontend-admin\\src\\pages\\system\\users\\index.vue": {"lines":{"total":131,"covered":0,"skipped":0,"pct":0},"functions":{"total":54,"covered":0,"skipped":0,"pct":0},"statements":{"total":140,"covered":0,"skipped":0,"pct":0},"branches":{"total":82,"covered":0,"skipped":0,"pct":0}}
,"D:\\projects-test\\cgc-pms\\frontend-admin\\src\\pages\\variation\\order.vue": {"lines":{"total":212,"covered":0,"skipped":0,"pct":0},"functions":{"total":126,"covered":0,"skipped":0,"pct":0},"statements":{"total":239,"covered":0,"skipped":0,"pct":0},"branches":{"total":128,"covered":0,"skipped":0,"pct":0}}
,"D:\\projects-test\\cgc-pms\\frontend-admin\\src\\router\\index.ts": {"lines":{"total":65,"covered":7,"skipped":0,"pct":10.76},"functions":{"total":50,"covered":2,"skipped":0,"pct":4},"statements":{"total":65,"covered":7,"skipped":0,"pct":10.76},"branches":{"total":20,"covered":0,"skipped":0,"pct":0}}
,"D:\\projects-test\\cgc-pms\\frontend-admin\\src\\router\\navigation.ts": {"lines":{"total":1,"covered":1,"skipped":0,"pct":100},"functions":{"total":0,"covered":0,"skipped":0,"pct":100},"statements":{"total":1,"covered":1,"skipped":0,"pct":100},"branches":{"total":0,"covered":0,"skipped":0,"pct":100}}
,"D:\\projects-test\\cgc-pms\\frontend-admin\\src\\stores\\alert.ts": {"lines":{"total":31,"covered":0,"skipped":0,"pct":0},"functions":{"total":6,"covered":0,"skipped":0,"pct":0},"statements":{"total":32,"covered":0,"skipped":0,"pct":0},"branches":{"total":6,"covered":0,"skipped":0,"pct":0}}
,"D:\\projects-test\\cgc-pms\\frontend-admin\\src\\stores\\contract.ts": {"lines":{"total":78,"covered":0,"skipped":0,"pct":0},"functions":{"total":10,"covered":0,"skipped":0,"pct":0},"statements":{"total":78,"covered":0,"skipped":0,"pct":0},"branches":{"total":16,"covered":0,"skipped":0,"pct":0}}
,"D:\\projects-test\\cgc-pms\\frontend-admin\\src\\stores\\costTarget.ts": {"lines":{"total":56,"covered":0,"skipped":0,"pct":0},"functions":{"total":9,"covered":0,"skipped":0,"pct":0},"statements":{"total":56,"covered":0,"skipped":0,"pct":0},"branches":{"total":0,"covered":0,"skipped":0,"pct":100}}
,"D:\\projects-test\\cgc-pms\\frontend-admin\\src\\stores\\project.ts": {"lines":{"total":46,"covered":0,"skipped":0,"pct":0},"functions":{"total":7,"covered":0,"skipped":0,"pct":0},"statements":{"total":46,"covered":0,"skipped":0,"pct":0},"branches":{"total":2,"covered":0,"skipped":0,"pct":0}}
,"D:\\projects-test\\cgc-pms\\frontend-admin\\src\\stores\\reference.ts": {"lines":{"total":84,"covered":54,"skipped":0,"pct":64.28},"functions":{"total":24,"covered":12,"skipped":0,"pct":50},"statements":{"total":100,"covered":59,"skipped":0,"pct":59},"branches":{"total":59,"covered":33,"skipped":0,"pct":55.93}}
,"D:\\projects-test\\cgc-pms\\frontend-admin\\src\\stores\\settlement.ts": {"lines":{"total":93,"covered":0,"skipped":0,"pct":0},"functions":{"total":12,"covered":0,"skipped":0,"pct":0},"statements":{"total":93,"covered":0,"skipped":0,"pct":0},"branches":{"total":0,"covered":0,"skipped":0,"pct":100}}
,"D:\\projects-test\\cgc-pms\\frontend-admin\\src\\stores\\user.ts": {"lines":{"total":28,"covered":16,"skipped":0,"pct":57.14},"functions":{"total":12,"covered":5,"skipped":0,"pct":41.66},"statements":{"total":32,"covered":18,"skipped":0,"pct":56.25},"branches":{"total":12,"covered":2,"skipped":0,"pct":16.66}}
}
